<?xml version="1.0" encoding="UTF-8"?>
<!-- Generated by org.testng.reporters.JUnitReportReporter -->
<testsuite skipped="0" hostname="DESKTOP-QBFP0JU" name="test.TestActitime" tests="1" failures="0" timestamp="08 Dec 2020 12:06:05 GMT" time="20.811" errors="0">
  <testcase name="login" time="20.811" classname="test.TestActitime"/>
</testsuite> <!-- test.TestActitime -->
